<?xml version="1.0" encoding="UTF-8"?>
<!-- Generated by org.testng.reporters.JUnitReportReporter -->
<testsuite hostname="LAPTOP-7S66DHJU" failures="0" tests="1" name="testCases.TC_004_SearchProductTest" time="4.225" errors="0" timestamp="2024-04-20T22:41:13 IST" skipped="0">
  <testcase classname="testCases.TC_004_SearchProductTest" name="verify_pruductSearch" time="4.225"/>
</testsuite> <!-- testCases.TC_004_SearchProductTest -->
