<?xml version="1.0" encoding="UTF-8"?>
<!-- Generated by org.testng.reporters.JUnitReportReporter -->
<testsuite hostname="LAPTOP-7S66DHJU" failures="0" tests="1" name="testCases.TC_001_AccountRegistrationTest" time="6.305" errors="0" timestamp="2024-04-20T22:44:26 IST" skipped="0">
  <testcase classname="testCases.TC_001_AccountRegistrationTest" name="verify_account_registration" time="6.305"/>
</testsuite> <!-- testCases.TC_001_AccountRegistrationTest -->
